Traceback (most recent call last):
  File "show_ast_pycparser.py", line 13, in <module>
    ast = parser.parse(text_code, filename='<none>')
  File "/Library/Python/2.7/site-packages/pycparser/c_parser.py", line 152, in parse
    debug=debuglevel)
  File "/Library/Python/2.7/site-packages/pycparser/ply/yacc.py", line 331, in parse
    return self.parseopt_notrack(input, lexer, debug, tracking, tokenfunc)
  File "/Library/Python/2.7/site-packages/pycparser/ply/yacc.py", line 1118, in parseopt_notrack
    p.callable(pslice)
  File "/Library/Python/2.7/site-packages/pycparser/c_parser.py", line 606, in p_function_definition_2
    body=p[4])
  File "/Library/Python/2.7/site-packages/pycparser/c_parser.py", line 467, in _build_function_definition
    assert 'typedef' not in spec['storage']
AssertionError
