../Data/C2AST/pr47755-2.c:25:22: error: unknown type name 'vector'
static void test_ll (vector long long, long long, long long) __attribute__((__noinline__));
                     ^
../Data/C2AST/pr47755-2.c:25:29: error: expected ')'
static void test_ll (vector long long, long long, long long) __attribute__((__noinline__));
                            ^
../Data/C2AST/pr47755-2.c:25:21: note: to match this '('
static void test_ll (vector long long, long long, long long) __attribute__((__noinline__));
                    ^
../Data/C2AST/pr47755-2.c:28:10: error: unknown type name 'vector'
test_ll (vector long long v, long long a, long long b)
         ^
../Data/C2AST/pr47755-2.c:28:17: error: expected ')'
test_ll (vector long long v, long long a, long long b)
                ^
../Data/C2AST/pr47755-2.c:28:9: note: to match this '('
test_ll (vector long long v, long long a, long long b)
        ^
../Data/C2AST/pr47755-2.c:28:17: error: parameter name omitted
test_ll (vector long long v, long long a, long long b)
                ^
../Data/C2AST/pr47755-2.c:31:5: error: unknown type name 'vector'
    vector long long v;
    ^
../Data/C2AST/pr47755-2.c:31:12: error: expected member name or ';' after declaration specifiers
    vector long long v;
    ~~~~~~ ^
../Data/C2AST/pr47755-2.c:31:11: error: expected ';' at end of declaration list
    vector long long v;
          ^
          ;
../Data/C2AST/pr47755-2.c:35:5: error: no member named 'v' in 'union (anonymous at ../Data/C2AST/pr47755-2.c:30:3)'
  u.v = v;
  ~ ^
../Data/C2AST/pr47755-2.c:35:9: error: use of undeclared identifier 'v'
  u.v = v;
        ^
../Data/C2AST/pr47755-2.c:36:18: error: use of undeclared identifier 'a'
  if (u.ll[0] != a && u.ll[1] != b)
                 ^
../Data/C2AST/pr47755-2.c:36:34: error: use of undeclared identifier 'b'
  if (u.ll[0] != a && u.ll[1] != b)
                                 ^
../Data/C2AST/pr47755-2.c:42:21: error: unknown type name 'vector'
static void test_i (vector int, int, int, int, int) __attribute__((__noinline__));
                    ^
../Data/C2AST/pr47755-2.c:42:28: error: expected ')'
static void test_i (vector int, int, int, int, int) __attribute__((__noinline__));
                           ^
../Data/C2AST/pr47755-2.c:42:20: note: to match this '('
static void test_i (vector int, int, int, int, int) __attribute__((__noinline__));
                   ^
../Data/C2AST/pr47755-2.c:45:9: error: unknown type name 'vector'
test_i (vector int v, int a, int b, int c, int d)
        ^
../Data/C2AST/pr47755-2.c:45:16: error: expected ')'
test_i (vector int v, int a, int b, int c, int d)
               ^
../Data/C2AST/pr47755-2.c:45:8: note: to match this '('
test_i (vector int v, int a, int b, int c, int d)
       ^
../Data/C2AST/pr47755-2.c:45:16: error: parameter name omitted
test_i (vector int v, int a, int b, int c, int d)
               ^
../Data/C2AST/pr47755-2.c:48:5: error: unknown type name 'vector'
    vector int v;
    ^
../Data/C2AST/pr47755-2.c:48:12: error: expected member name or ';' after declaration specifiers
    vector int v;
    ~~~~~~ ^
fatal error: too many errors emitted, stopping now [-ferror-limit=]
TranslationUnitDecl 0x7f9f9602b6e8 <<invalid sloc>> <invalid sloc>
|-TypedefDecl 0x7f9f9602bc60 <<invalid sloc>> <invalid sloc> implicit __int128_t '__int128'
| `-BuiltinType 0x7f9f9602b980 '__int128'
|-TypedefDecl 0x7f9f9602bcd0 <<invalid sloc>> <invalid sloc> implicit __uint128_t 'unsigned __int128'
| `-BuiltinType 0x7f9f9602b9a0 'unsigned __int128'
|-TypedefDecl 0x7f9f9602bfa8 <<invalid sloc>> <invalid sloc> implicit __NSConstantString 'struct __NSConstantString_tag'
| `-RecordType 0x7f9f9602bdb0 'struct __NSConstantString_tag'
|   `-Record 0x7f9f9602bd28 '__NSConstantString_tag'
|-TypedefDecl 0x7f9f9602c040 <<invalid sloc>> <invalid sloc> implicit __builtin_ms_va_list 'char *'
| `-PointerType 0x7f9f9602c000 'char *'
|   `-BuiltinType 0x7f9f9602b780 'char'
|-TypedefDecl 0x7f9f9602c308 <<invalid sloc>> <invalid sloc> implicit __builtin_va_list 'struct __va_list_tag [1]'
| `-ConstantArrayType 0x7f9f9602c2b0 'struct __va_list_tag [1]' 1 
|   `-RecordType 0x7f9f9602c120 'struct __va_list_tag'
|     `-Record 0x7f9f9602c098 '__va_list_tag'
|-FunctionDecl 0x7f9f97015250 <../Data/C2AST/pr47755-2.c:20:13> col:13 implicit used abort 'void (void) __attribute__((noreturn))' extern
|-FunctionDecl 0x7f9f970152f0 prev 0x7f9f97015250 <col:1, col:54> col:13 used abort 'void (void) __attribute__((noreturn))' extern
|-FunctionDecl 0x7f9f97015480 <line:25:1, col:90> col:13 invalid test_ll 'void (int)' static
| |-ParmVarDecl 0x7f9f970153c0 <col:22, <invalid sloc>> col:29 invalid 'int'
| `-NoInlineAttr 0x7f9f97015528 <col:77>
|-FunctionDecl 0x7f9f97015610 <line:27:1, line:38:1> line:28:1 invalid test_ll 'void (int)' static
| |-ParmVarDecl 0x7f9f97015588 <col:10, <invalid sloc>> col:17 invalid 'int'
| `-CompoundStmt 0x7f9f97016010 <line:29:1, line:38:1>
|   |-DeclStmt 0x7f9f97015958 <line:30:3, line:33:6>
|   | |-RecordDecl 0x7f9f970156b8 <line:30:3, line:33:3> line:30:3 invalid union definition
|   | | |-FieldDecl 0x7f9f97015778 <line:31:5, <invalid sloc>> col:5 invalid 'int'
|   | | `-FieldDecl 0x7f9f97015840 <line:32:5, col:19> col:15 referenced ll 'long long [2]'
|   | `-VarDecl 0x7f9f970158e0 <line:30:3, line:33:5> col:5 used u 'union (anonymous union at ../Data/C2AST/pr47755-2.c:30:3)':'union (anonymous at ../Data/C2AST/pr47755-2.c:30:3)'
|   `-IfStmt 0x7f9f97015fd8 <line:36:3, line:21:30>
|     |-<<<NULL>>>
|     |-<<<NULL>>>
|     |-OpaqueValueExpr 0x7f9f97015fb8 <<invalid sloc>> '_Bool'
|     |-CallExpr 0x7f9f97015f90 <col:23, col:30> 'void'
|     | `-ImplicitCastExpr 0x7f9f97015f78 <col:23> 'void (*)(void) __attribute__((noreturn))' <FunctionToPointerDecay>
|     |   `-DeclRefExpr 0x7f9f97015f28 <col:23> 'void (void) __attribute__((noreturn))' Function 0x7f9f970152f0 'abort' 'void (void) __attribute__((noreturn))'
|     `-<<<NULL>>>
|-FunctionDecl 0x7f9f970160d0 <line:42:1, col:81> col:13 invalid test_i 'void (int)' static
| |-ParmVarDecl 0x7f9f97016048 <col:21, <invalid sloc>> col:28 invalid 'int'
| `-NoInlineAttr 0x7f9f97016178 <col:68>
|-FunctionDecl 0x7f9f97031e88 <line:44:1, line:55:1> line:45:1 invalid test_i 'void (int)' static
| |-ParmVarDecl 0x7f9f97031e00 <col:9, <invalid sloc>> col:16 invalid 'int'
| `-CompoundStmt 0x7f9f97032608 <line:46:1, line:55:1>
|   |-DeclStmt 0x7f9f970321d8 <line:47:3, line:50:6>
|   | |-RecordDecl 0x7f9f97031f30 <line:47:3, line:50:3> line:47:3 invalid union definition
|   | | |-FieldDecl 0x7f9f97031ff8 <line:48:5, <invalid sloc>> col:5 invalid 'int'
|   | | `-FieldDecl 0x7f9f970320c0 <line:49:5, col:12> col:9 referenced i 'int [4]'
|   | `-VarDecl 0x7f9f97032160 <line:47:3, line:50:5> col:5 used u 'union (anonymous union at ../Data/C2AST/pr47755-2.c:47:3)':'union (anonymous at ../Data/C2AST/pr47755-2.c:47:3)'
|   `-IfStmt 0x7f9f970325d0 <line:53:3, line:22:35>
|     |-<<<NULL>>>
|     |-<<<NULL>>>
|     |-OpaqueValueExpr 0x7f9f970325b0 <<invalid sloc>> '_Bool'
|     |-CallExpr 0x7f9f97032588 <col:28, col:35> 'void'
|     | `-ImplicitCastExpr 0x7f9f97032570 <col:28> 'void (*)(void) __attribute__((noreturn))' <FunctionToPointerDecay>
|     |   `-DeclRefExpr 0x7f9f97032548 <col:28> 'void (void) _20 errors generated.
_attribute__((noreturn))' Function 0x7f9f970152f0 'abort' 'void (void) __attribute__((noreturn))'
|     `-<<<NULL>>>
|-FunctionDecl 0x7f9f970326f8 <line:60:1, line:134:1> line:61:1 main 'int (void)'
| `-CompoundStmt 0x7f9f970374d8 <line:62:1, line:134:1>
|   `-ReturnStmt 0x7f9f970374c0 <line:133:3, col:10>
|     `-IntegerLiteral 0x7f9f970374a0 <col:10> 'int' 0
`-EmptyDecl 0x7f9f970374f0 <line:134:2> col:2
