../Data/C2AST/pr52290.c:3:9: error: use of undeclared identifier 'j'
int f()[j]
        ^
../Data/C2AST/pr52290.c:4:1: error: expected function body after function declarator
^
2 errors generated.
TranslationUnitDecl 0x7fe25282bce8 <<invalid sloc>> <invalid sloc>
|-TypedefDecl 0x7fe25282c260 <<invalid sloc>> <invalid sloc> implicit __int128_t '__int128'
| `-BuiltinType 0x7fe25282bf80 '__int128'
|-TypedefDecl 0x7fe25282c2d0 <<invalid sloc>> <invalid sloc> implicit __uint128_t 'unsigned __int128'
| `-BuiltinType 0x7fe25282bfa0 'unsigned __int128'
|-TypedefDecl 0x7fe25282c5a8 <<invalid sloc>> <invalid sloc> implicit __NSConstantString 'struct __NSConstantString_tag'
| `-RecordType 0x7fe25282c3b0 'struct __NSConstantString_tag'
|   `-Record 0x7fe25282c328 '__NSConstantString_tag'
|-TypedefDecl 0x7fe25282c640 <<invalid sloc>> <invalid sloc> implicit __builtin_ms_va_list 'char *'
| `-PointerType 0x7fe25282c600 'char *'
|   `-BuiltinType 0x7fe25282bd80 'char'
`-TypedefDecl 0x7fe25282c908 <<invalid sloc>> <invalid sloc> implicit __builtin_va_list 'struct __va_list_tag [1]'
  `-ConstantArrayType 0x7fe25282c8b0 'struct __va_list_tag [1]' 1 
    `-RecordType 0x7fe25282c720 'struct __va_list_tag'
      `-Record 0x7fe25282c698 '__va_list_tag'
