../Data/C2AST/pr71853.c:6:11: error: expected ':' after 'case'
  case (0) {  
          ^
          :
../Data/C2AST/pr71853.c:6:3: error: 'case' statement not in switch statement
  case (0) {  
  ^
../Data/C2AST/pr71853.c:7:12: error: expected '(' after 'switch'
    switch 0: { }  
           ^
3 errors generated.
TranslationUnitDecl 0x7fc27402bce8 <<invalid sloc>> <invalid sloc>
|-TypedefDecl 0x7fc27402c260 <<invalid sloc>> <invalid sloc> implicit __int128_t '__int128'
| `-BuiltinType 0x7fc27402bf80 '__int128'
|-TypedefDecl 0x7fc27402c2d0 <<invalid sloc>> <invalid sloc> implicit __uint128_t 'unsigned __int128'
| `-BuiltinType 0x7fc27402bfa0 'unsigned __int128'
|-TypedefDecl 0x7fc27402c5a8 <<invalid sloc>> <invalid sloc> implicit __NSConstantString 'struct __NSConstantString_tag'
| `-RecordType 0x7fc27402c3b0 'struct __NSConstantString_tag'
|   `-Record 0x7fc27402c328 '__NSConstantString_tag'
|-TypedefDecl 0x7fc27402c640 <<invalid sloc>> <invalid sloc> implicit __builtin_ms_va_list 'char *'
| `-PointerType 0x7fc27402c600 'char *'
|   `-BuiltinType 0x7fc27402bd80 'char'
|-TypedefDecl 0x7fc27402c908 <<invalid sloc>> <invalid sloc> implicit __builtin_va_list 'struct __va_list_tag [1]'
| `-ConstantArrayType 0x7fc27402c8b0 'struct __va_list_tag [1]' 1 
|   `-RecordType 0x7fc27402c720 'struct __va_list_tag'
|     `-Record 0x7fc27402c698 '__va_list_tag'
`-FunctionDecl 0x7fc275011220 <../Data/C2AST/pr71853.c:4:1, line:9:1> line:4:6 f 'void (void)'
  `-CompoundStmt 0x7fc275011350 <line:5:1, line:9:1>
    `-CompoundStmt 0x7fc275011340 <line:6:12, line:8:3>
