../Data/C2AST/pr79757-2.c:10:23: error: expected ';' at end of declaration
  unsigned long long z = x / y;  
                      ^
                      ;
../Data/C2AST/pr79757-2.c:16:23: error: expected ';' at end of declaration
  unsigned long long z = x >> y;  
                      ^
                      ;
2 errors generated.
TranslationUnitDecl 0x7fdefa02bce8 <<invalid sloc>> <invalid sloc>
|-TypedefDecl 0x7fdefa02c260 <<invalid sloc>> <invalid sloc> implicit __int128_t '__int128'
| `-BuiltinType 0x7fdefa02bf80 '__int128'
|-TypedefDecl 0x7fdefa02c2d0 <<invalid sloc>> <invalid sloc> implicit __uint128_t 'unsigned __int128'
| `-BuiltinType 0x7fdefa02bfa0 'unsigned __int128'
|-TypedefDecl 0x7fdefa02c5a8 <<invalid sloc>> <invalid sloc> implicit __NSConstantString 'struct __NSConstantString_tag'
| `-RecordType 0x7fdefa02c3b0 'struct __NSConstantString_tag'
|   `-Record 0x7fdefa02c328 '__NSConstantString_tag'
|-TypedefDecl 0x7fdefa02c640 <<invalid sloc>> <invalid sloc> implicit __builtin_ms_va_list 'char *'
| `-PointerType 0x7fdefa02c600 'char *'
|   `-BuiltinType 0x7fdefa02bd80 'char'
|-TypedefDecl 0x7fdefa02c908 <<invalid sloc>> <invalid sloc> implicit __builtin_va_list 'struct __va_list_tag [1]'
| `-ConstantArrayType 0x7fdefa02c8b0 'struct __va_list_tag [1]' 1 
|   `-RecordType 0x7fdefa02c720 'struct __va_list_tag'
|     `-Record 0x7fdefa02c698 '__va_list_tag'
|-VarDecl 0x7fdefa02c978 <../Data/C2AST/pr79757-2.c:6:1, col:19> col:19 x 'unsigned __int128'
|-VarDecl 0x7fdefa06d858 <col:1, col:22> col:22 y 'unsigned __int128'
|-FunctionDecl 0x7fdefa06d9b0 <line:8:1, line:12:1> line:9:1 fn1 'void (unsigned long long)'
| |-ParmVarDecl 0x7fdefa06d8e8 <line:10:3, col:22> col:22 z 'unsigned long long'
| `-CompoundStmt 0x7fdefa06da58 <line:11:1, line:12:1>
`-FunctionDecl 0x7fdefa06db08 <line:14:1, line:18:1> line:15:1 fn2 'void (unsigned long long)'
  |-ParmVarDecl 0x7fdefa06da80 <line:16:3, col:22> col:22 z 'unsigned long long'
  `-CompoundStmt 0x7fdefa06dbb0 <line:17:1, line:18:1>
