../Data/C2AST/pr79649.c:11:28: error: expected ')'
f1 (unsigned char __seg_gs *s, size_t n)
                           ^
../Data/C2AST/pr79649.c:11:4: note: to match this '('
f1 (unsigned char __seg_gs *s, size_t n)
   ^
../Data/C2AST/pr79649.c:13:26: error: use of undeclared identifier 'n'
  for (size_t i = 0; i < n; ++i)
                         ^
../Data/C2AST/pr79649.c:14:5: error: use of undeclared identifier 's'
    s[i] = 0;
    ^
../Data/C2AST/pr79649.c:18:28: error: expected ')'
f2 (unsigned char __seg_gs *__restrict d, unsigned char __seg_gs *__restrict s, size_t n)
                           ^
../Data/C2AST/pr79649.c:18:4: note: to match this '('
f2 (unsigned char __seg_gs *__restrict d, unsigned char __seg_gs *__restrict s, size_t n)
   ^
../Data/C2AST/pr79649.c:20:26: error: use of undeclared identifier 'n'
  for (size_t i = 0; i < n; ++i)
                         ^
../Data/C2AST/pr79649.c:21:5: error: use of undeclared identifier 'd'
    d[i] = s[i];
    ^
../Data/C2AST/pr79649.c:21:12: error: use of undeclared identifier 's'
    d[i] = s[i];
           ^
../Data/C2AST/pr79649.c:25:28: error: expected ')'
f3 (unsigned char __seg_gs *__restrict d, unsigned char *__restrict s, size_t n)
                           ^
../Data/C2AST/pr79649.c:25:4: note: to match this '('
f3 (unsigned char __seg_gs *__restrict d, unsigned char *__restrict s, size_t n)
   ^
../Data/C2AST/pr79649.c:27:26: error: use of undeclared identifier 'n'
  for (size_t i = 0; i < n; ++i)
                         ^
../Data/C2AST/pr79649.c:28:5: error: use of undeclared identifier 'd'
    d[i] = s[i];
    ^
../Data/C2AST/pr79649.c:28:12: error: use of undeclared identifier 's'
    d[i] = s[i];
           ^
../Data/C2AST/pr79649.c:32:57: error: expected ')'
f4 (unsigned char *__restrict d, unsigned char __seg_gs *__restrict s, size_t n)
                                                        ^
../Data/C2AST/pr79649.c:32:4: note: to match this '('
f4 (unsigned char *__restrict d, unsigned char __seg_gs *__restrict s, size_t n)
   ^
../Data/C2AST/pr79649.c:34:26: error: use of undeclared identifier 'n'
  for (size_t i = 0; i < n; ++i)
                         ^
../Data/C2AST/pr79649.c:35:12: error: use of undeclared identifier 's'
    d[i] = s[i];
           ^
../Data/C2AST/pr79649.c:39:28: error: expected ')'
f5 (unsigned char __seg_gs *__restrict d, unsigned char __seg_fs *__restrict s, size_t n)
                           ^
../Data/C2AST/pr79649.c:39:4: note: to match this '('
f5 (unsigned char __seg_gs *__restrict d, unsigned char __seg_fs *__restrict s, size_t n)
   ^
../Data/C2AST/pr79649.c:41:26: error: use of undeclared identifier 'n'
  for (size_t i = 0; i < n; ++i)
                         ^
../Data/C2AST/pr79649.c:42:5: error: use of undeclared identifier 'd'
    d[i] = s[i];
    ^
../Data/C2AST/pr79649.c:42:12: error: use of undeclared identifier 's'
    d[i] = s[i];
           ^
../Data/C2AST/pr79649.c:46:25: error: expected ';' after top level declarator
extern struct A __seg_gs a;
                        ^
                        ;
fatal error: too many errors emitted, stopping now [-ferror-limit=]
20 errors generated.
TranslationUnitDecl 0x7fdcfe82bce8 <<invalid sloc>> <invalid sloc>
|-TypedefDecl 0x7fdcfe82c260 <<invalid sloc>> <invalid sloc> implicit __int128_t '__int128'
| `-BuiltinType 0x7fdcfe82bf80 '__int128'
|-TypedefDecl 0x7fdcfe82c2d0 <<invalid sloc>> <invalid sloc> implicit __uint128_t 'unsigned __int128'
| `-BuiltinType 0x7fdcfe82bfa0 'unsigned __int128'
|-TypedefDecl 0x7fdcfe82c5a8 <<invalid sloc>> <invalid sloc> implicit __NSConstantString 'struct __NSConstantString_tag'
| `-RecordType 0x7fdcfe82c3b0 'struct __NSConstantString_tag'
|   `-Record 0x7fdcfe82c328 '__NSConstantString_tag'
|-TypedefDecl 0x7fdcfe82c640 <<invalid sloc>> <invalid sloc> implicit __builtin_ms_va_list 'char *'
| `-PointerType 0x7fdcfe82c600 'char *'
|   `-BuiltinType 0x7fdcfe82bd80 'char'
|-TypedefDecl 0x7fdcfe82c908 <<invalid sloc>> <invalid sloc> implicit __builtin_va_list 'struct __va_list_tag [1]'
| `-ConstantArrayType 0x7fdcfe82c8b0 'struct __va_list_tag [1]' 1 
|   `-RecordType 0x7fdcfe82c720 'struct __va_list_tag'
|     `-Record 0x7fdcfe82c698 '__va_list_tag'
|-TypedefDecl 0x7fdcfe82c978 <../Data/C2AST/pr79649.c:8:1, col:23> col:23 referenced size_t 'unsigned long'
| `-BuiltinType 0x7fdcfe82bea0 'unsigned long'
|-FunctionDecl 0x7fdcfe86d8c0 <line:10:1, line:15:1> line:11:1 f1 'void (unsigned char)'
| |-ParmVarDecl 0x7fdcfe86d800 <col:5, col:19> col:19 __seg_gs 'unsigned char'
| `-CompoundStmt 0x7fdcfe86db70 <line:12:1, line:15:1>
|-FunctionDecl 0x7fdcfe86dc20 <line:17:1, line:22:1> line:18:1 f2 'void (unsigned char)'
| |-ParmVarDecl 0x7fdcfe86db98 <col:5, col:19> col:19 __seg_gs 'unsigned char'
| `-CompoundStmt 0x7fdcfe86dec0 <line:19:1, line:22:1>
|-FunctionDecl 0x7fdcfe86df70 <line:24:1, line:29:1> line:25:1 f3 'void (unsigned char)'
| |-ParmVarDecl 0x7fdcfe86dee8 <col:5, col:19> col:19 __seg_gs 'unsigned char'
| `-CompoundStmt 0x7fdcfe86e210 <line:26:1, line:29:1>
|-FunctionDecl 0x7fdcfe86e3f0 <line:31:1, line:36:1> line:32:1 f4 'void (unsigned char *restrict, unsigned char)'
| |-ParmVarDecl 0x7fdcfe86e260 <col:5, col:31> col:31 used d 'unsigned char *restrict'
| |-ParmVarDecl 0x7fdcfe86e2d8 <col:34, col:48> col:48 __seg_gs 'unsigned char'
| `-CompoundStmt 0x7fdcfe86e718 <line:33:1, line:36:1>
|-FunctionDecl 0x7fdcfe86e800 <line:38:1, line:43:1> line:39:1 f5 'void (unsigned char)'
| |-ParmVarDecl 0x7fdcfe86e740 <col:5, col:19> col:19 __seg_gs 'unsigned char'
| `-CompoundStmt 0x7fdcfe86eaa0 <line:40:1, line:43:1>
|-RecordDecl 0x7fdcfe86eab0 <line:45:1, col:33> col:8 struct A definition
| |-FieldDecl 0x7fdcfe86eb78 <col:12, col:16> col:16 a 'int'
| `-FieldDecl 0x7fdcfe86ec38 <col:19, col:30> col:24 b 'char [1024]'
|-VarDecl 0x7fdcfe86ecd0 <line:46:1, col:17> col:17 __seg_gs 'struct A':'struct A' extern
`-FunctionDecl 0x7fdcfe86ee40 <line:48:1, line:53:1> line:49:1 f6 'void (size_t)'
  |-ParmVarDecl 0x7fdcfe86ed40 <col:5, col:12> col:12 used n 'size_t':'unsigned long'
  `-CompoundStmt 0x7fdcfe86f0e0 <line:50:1, line:53:1>
