../Data/C2AST/pro_and_epilogue.c:6:23: error: expected parameter declarator
int __RTL (startwith ("pro_and_epilogue")) test_1 (int i, int j, int k)
                      ^
../Data/C2AST/pro_and_epilogue.c:6:23: error: expected ')'
../Data/C2AST/pro_and_epilogue.c:6:22: note: to match this '('
int __RTL (startwith ("pro_and_epilogue")) test_1 (int i, int j, int k)
                     ^
../Data/C2AST/pro_and_epilogue.c:6:44: error: expected function body after function declarator
int __RTL (startwith ("pro_and_epilogue")) test_1 (int i, int j, int k)
                                           ^
3 errors generated.
TranslationUnitDecl 0x7f8a6282bce8 <<invalid sloc>> <invalid sloc>
|-TypedefDecl 0x7f8a6282c260 <<invalid sloc>> <invalid sloc> implicit __int128_t '__int128'
| `-BuiltinType 0x7f8a6282bf80 '__int128'
|-TypedefDecl 0x7f8a6282c2d0 <<invalid sloc>> <invalid sloc> implicit __uint128_t 'unsigned __int128'
| `-BuiltinType 0x7f8a6282bfa0 'unsigned __int128'
|-TypedefDecl 0x7f8a6282c5a8 <<invalid sloc>> <invalid sloc> implicit __NSConstantString 'struct __NSConstantString_tag'
| `-RecordType 0x7f8a6282c3b0 'struct __NSConstantString_tag'
|   `-Record 0x7f8a6282c328 '__NSConstantString_tag'
|-TypedefDecl 0x7f8a6282c640 <<invalid sloc>> <invalid sloc> implicit __builtin_ms_va_list 'char *'
| `-PointerType 0x7f8a6282c600 'char *'
|   `-BuiltinType 0x7f8a6282bd80 'char'
`-TypedefDecl 0x7f8a6282c908 <<invalid sloc>> <invalid sloc> implicit __builtin_va_list 'struct __va_list_tag [1]'
  `-ConstantArrayType 0x7f8a6282c8b0 'struct __va_list_tag [1]' 1 
    `-RecordType 0x7f8a6282c720 'struct __va_list_tag'
      `-Record 0x7f8a6282c698 '__va_list_tag'
