c_files/pr47755.c:14:7: error: unknown type name 'vector'
func (vector long long *p)
      ^
c_files/pr47755.c:14:14: error: expected ')'
func (vector long long *p)
             ^
c_files/pr47755.c:14:6: note: to match this '('
func (vector long long *p)
     ^
c_files/pr47755.c:14:14: error: parameter name omitted
func (vector long long *p)
             ^
c_files/pr47755.c:16:9: error: use of undeclared identifier 'vector'
  *p = (vector long long) { 0LL, 0LL };
        ^
c_files/pr47755.c:16:4: error: use of undeclared identifier 'p'
  *p = (vector long long) { 0LL, 0LL };
   ^
5 errors generated.
TranslationUnitDecl 0x7ff8e20264d0 <<invalid sloc>> <invalid sloc>
|-TypedefDecl 0x7ff8e2026a20 <<invalid sloc>> <invalid sloc> implicit __int128_t '__int128'
| `-BuiltinType 0x7ff8e2026740 '__int128'
|-TypedefDecl 0x7ff8e2026a90 <<invalid sloc>> <invalid sloc> implicit __uint128_t 'unsigned __int128'
| `-BuiltinType 0x7ff8e2026760 'unsigned __int128'
|-TypedefDecl 0x7ff8e2026d68 <<invalid sloc>> <invalid sloc> implicit __NSConstantString 'struct __NSConstantString_tag'
| `-RecordType 0x7ff8e2026b70 'struct __NSConstantString_tag'
|   `-Record 0x7ff8e2026ae8 '__NSConstantString_tag'
|-TypedefDecl 0x7ff8e2026e00 <<invalid sloc>> <invalid sloc> implicit __builtin_ms_va_list 'char *'
| `-PointerType 0x7ff8e2026dc0 'char *'
|   `-BuiltinType 0x7ff8e2026560 'char'
|-TypedefDecl 0x7ff8e20270c8 <<invalid sloc>> <invalid sloc> implicit __builtin_va_list 'struct __va_list_tag [1]'
| `-ConstantArrayType 0x7ff8e2027070 'struct __va_list_tag [1]' 1 
|   `-RecordType 0x7ff8e2026ee0 'struct __va_list_tag'
|     `-Record 0x7ff8e2026e58 '__va_list_tag'
`-FunctionDecl 0x7ff8e2826a28 <c_files/pr47755.c:13:1, line:17:1> line:14:1 invalid func 'void (int)'
  |-ParmVarDecl 0x7ff8e2027150 <col:7, <invalid sloc>> col:14 invalid 'int'
  `-CompoundStmt 0x7ff8e2826b20 <line:15:1, line:17:1>
