c_files/pr65238-4.c:5:21: error: unterminated function-like macro invocation
#if __has_attribute(
                    ^
c_files/pr65238-4.c:5:21: error: expected value in expression
<scratch space>:2:1: note: expanded from here
<U+0000>
^
c_files/pr65238-4.c:7:27: error: unterminated function-like macro invocation
#if __has_attribute(unused
                          ^
c_files/pr65238-4.c:7:27: error: expected value in expression
<scratch space>:3:1: note: expanded from here
<U+0000>
^
c_files/pr65238-4.c:9:27: error: too many arguments provided to function-like macro invocation
#if __has_attribute(unused, unused)
                          ^
c_files/pr65238-4.c:11:36: error: missing ')' after '__has_attribute'
#if __has_attribute(__has_attribute(unused))
                    ~~~~~~~~~~~~~~~^
c_files/pr65238-4.c:11:20: note: to match this '('
#if __has_attribute(__has_attribute(unused))
                   ^
6 errors generated.
TranslationUnitDecl 0x7ff3228264d0 <<invalid sloc>> <invalid sloc>
|-TypedefDecl 0x7ff322826a20 <<invalid sloc>> <invalid sloc> implicit __int128_t '__int128'
| `-BuiltinType 0x7ff322826740 '__int128'
|-TypedefDecl 0x7ff322826a90 <<invalid sloc>> <invalid sloc> implicit __uint128_t 'unsigned __int128'
| `-BuiltinType 0x7ff322826760 'unsigned __int128'
|-TypedefDecl 0x7ff322826d68 <<invalid sloc>> <invalid sloc> implicit __NSConstantString 'struct __NSConstantString_tag'
| `-RecordType 0x7ff322826b70 'struct __NSConstantString_tag'
|   `-Record 0x7ff322826ae8 '__NSConstantString_tag'
|-TypedefDecl 0x7ff322826e00 <<invalid sloc>> <invalid sloc> implicit __builtin_ms_va_list 'char *'
| `-PointerType 0x7ff322826dc0 'char *'
|   `-BuiltinType 0x7ff322826560 'char'
`-TypedefDecl 0x7ff3228270c8 <<invalid sloc>> <invalid sloc> implicit __builtin_va_list 'struct __va_list_tag [1]'
  `-ConstantArrayType 0x7ff322827070 'struct __va_list_tag [1]' 1 
    `-RecordType 0x7ff322826ee0 'struct __va_list_tag'
      `-Record 0x7ff322826e58 '__va_list_tag'
