c_files/pr66144-1.c:9:1: error: unknown type name 'vector'
vector int
^
c_files/pr66144-1.c:9:8: error: expected identifier or '('
vector int
       ^
2 errors generated.
TranslationUnitDecl 0x7ff2ce8264d0 <<invalid sloc>> <invalid sloc>
|-TypedefDecl 0x7ff2ce826a20 <<invalid sloc>> <invalid sloc> implicit __int128_t '__int128'
| `-BuiltinType 0x7ff2ce826740 '__int128'
|-TypedefDecl 0x7ff2ce826a90 <<invalid sloc>> <invalid sloc> implicit __uint128_t 'unsigned __int128'
| `-BuiltinType 0x7ff2ce826760 'unsigned __int128'
|-TypedefDecl 0x7ff2ce826d68 <<invalid sloc>> <invalid sloc> implicit __NSConstantString 'struct __NSConstantString_tag'
| `-RecordType 0x7ff2ce826b70 'struct __NSConstantString_tag'
|   `-Record 0x7ff2ce826ae8 '__NSConstantString_tag'
|-TypedefDecl 0x7ff2ce826e00 <<invalid sloc>> <invalid sloc> implicit __builtin_ms_va_list 'char *'
| `-PointerType 0x7ff2ce826dc0 'char *'
|   `-BuiltinType 0x7ff2ce826560 'char'
`-TypedefDecl 0x7ff2ce8270c8 <<invalid sloc>> <invalid sloc> implicit __builtin_va_list 'struct __va_list_tag [1]'
  `-ConstantArrayType 0x7ff2ce827070 'struct __va_list_tag [1]' 1 
    `-RecordType 0x7ff2ce826ee0 'struct __va_list_tag'
      `-Record 0x7ff2ce826e58 '__va_list_tag'
