c_files/pro_and_epilogue.c:6:23: error: expected parameter declarator
int __RTL (startwith ("pro_and_epilogue")) test_1 (int i, int j, int k)
                      ^
c_files/pro_and_epilogue.c:6:23: error: expected ')'
c_files/pro_and_epilogue.c:6:22: note: to match this '('
int __RTL (startwith ("pro_and_epilogue")) test_1 (int i, int j, int k)
                     ^
c_files/pro_and_epilogue.c:6:12: warning: type specifier missing, defaults to 'int' [-Wimplicit-int]
int __RTL (startwith ("pro_and_epilogue")) test_1 (int i, int j, int k)
           ^
c_files/pro_and_epilogue.c:6:44: error: expected function body after function declarator
int __RTL (startwith ("pro_and_epilogue")) test_1 (int i, int j, int k)
                                           ^
1 warning and 3 errors generated.
TranslationUnitDecl 0x7fe1f6025ad0 <<invalid sloc>> <invalid sloc>
|-TypedefDecl 0x7fe1f6026020 <<invalid sloc>> <invalid sloc> implicit __int128_t '__int128'
| `-BuiltinType 0x7fe1f6025d40 '__int128'
|-TypedefDecl 0x7fe1f6026090 <<invalid sloc>> <invalid sloc> implicit __uint128_t 'unsigned __int128'
| `-BuiltinType 0x7fe1f6025d60 'unsigned __int128'
|-TypedefDecl 0x7fe1f6026368 <<invalid sloc>> <invalid sloc> implicit __NSConstantString 'struct __NSConstantString_tag'
| `-RecordType 0x7fe1f6026170 'struct __NSConstantString_tag'
|   `-Record 0x7fe1f60260e8 '__NSConstantString_tag'
|-TypedefDecl 0x7fe1f6026400 <<invalid sloc>> <invalid sloc> implicit __builtin_ms_va_list 'char *'
| `-PointerType 0x7fe1f60263c0 'char *'
|   `-BuiltinType 0x7fe1f6025b60 'char'
`-TypedefDecl 0x7fe1f60266c8 <<invalid sloc>> <invalid sloc> implicit __builtin_va_list 'struct __va_list_tag [1]'
  `-ConstantArrayType 0x7fe1f6026670 'struct __va_list_tag [1]' 1 
    `-RecordType 0x7fe1f60264e0 'struct __va_list_tag'
      `-Record 0x7fe1f6026458 '__va_list_tag'
