../Data/C2AST/pr79242.c:5:25: error: expected ';' after top level declarator
typedef _Complex __int20 C;
                        ^
                        ;
../Data/C2AST/pr79242.c:7:1: error: unknown type name 'C'
C
^
../Data/C2AST/pr79242.c:8:6: error: unknown type name 'C'
foo (C x, C y)
     ^
../Data/C2AST/pr79242.c:8:11: error: unknown type name 'C'
foo (C x, C y)
          ^
4 errors generated.
TranslationUnitDecl 0x7fd46401c0e8 <<invalid sloc>> <invalid sloc>
|-TypedefDecl 0x7fd46401c660 <<invalid sloc>> <invalid sloc> implicit __int128_t '__int128'
| `-BuiltinType 0x7fd46401c380 '__int128'
|-TypedefDecl 0x7fd46401c6d0 <<invalid sloc>> <invalid sloc> implicit __uint128_t 'unsigned __int128'
| `-BuiltinType 0x7fd46401c3a0 'unsigned __int128'
|-TypedefDecl 0x7fd46401c9a8 <<invalid sloc>> <invalid sloc> implicit __NSConstantString 'struct __NSConstantString_tag'
| `-RecordType 0x7fd46401c7b0 'struct __NSConstantString_tag'
|   `-Record 0x7fd46401c728 '__NSConstantString_tag'
|-TypedefDecl 0x7fd46401ca40 <<invalid sloc>> <invalid sloc> implicit __builtin_ms_va_list 'char *'
| `-PointerType 0x7fd46401ca00 'char *'
|   `-BuiltinType 0x7fd46401c180 'char'
|-TypedefDecl 0x7fd46401cd08 <<invalid sloc>> <invalid sloc> implicit __builtin_va_list 'struct __va_list_tag [1]'
| `-ConstantArrayType 0x7fd46401ccb0 'struct __va_list_tag [1]' 1 
|   `-RecordType 0x7fd46401cb20 'struct __va_list_tag'
|     `-Record 0x7fd46401ca98 '__va_list_tag'
|-TypedefDecl 0x7fd46401cd70 <../Data/C2AST/pr79242.c:5:1, col:18> col:18 __int20 '_Complex double'
| `-ComplexType 0x7fd46401c4f0 '_Complex double'
|   `-BuiltinType 0x7fd46401c300 'double'
`-FunctionDecl 0x7fd46405f358 <line:7:1, line:11:1> line:8:1 invalid foo 'int (int, int)'
  |-ParmVarDecl 0x7fd46405f200 <col:6, col:8> col:8 invalid x 'int'
  |-ParmVarDecl 0x7fd46405f278 <col:11, col:13> col:13 invalid y 'int'
  `-CompoundStmt 0x7fd46405f408 <line:9:1, line:11:1>
