../Data/C2AST/pr80887.c:5:26: error: expected parameter declarator
void __GIMPLE (startwith("fre"))
                         ^
../Data/C2AST/pr80887.c:5:26: error: expected ')'
../Data/C2AST/pr80887.c:5:25: note: to match this '('
void __GIMPLE (startwith("fre"))
                        ^
../Data/C2AST/pr80887.c:6:1: error: expected function body after function declarator
f()
^
3 errors generated.
TranslationUnitDecl 0x7fd6fa82bce8 <<invalid sloc>> <invalid sloc>
|-TypedefDecl 0x7fd6fa82c260 <<invalid sloc>> <invalid sloc> implicit __int128_t '__int128'
| `-BuiltinType 0x7fd6fa82bf80 '__int128'
|-TypedefDecl 0x7fd6fa82c2d0 <<invalid sloc>> <invalid sloc> implicit __uint128_t 'unsigned __int128'
| `-BuiltinType 0x7fd6fa82bfa0 'unsigned __int128'
|-TypedefDecl 0x7fd6fa82c5a8 <<invalid sloc>> <invalid sloc> implicit __NSConstantString 'struct __NSConstantString_tag'
| `-RecordType 0x7fd6fa82c3b0 'struct __NSConstantString_tag'
|   `-Record 0x7fd6fa82c328 '__NSConstantString_tag'
|-TypedefDecl 0x7fd6fa82c640 <<invalid sloc>> <invalid sloc> implicit __builtin_ms_va_list 'char *'
| `-PointerType 0x7fd6fa82c600 'char *'
|   `-BuiltinType 0x7fd6fa82bd80 'char'
|-TypedefDecl 0x7fd6fa82c908 <<invalid sloc>> <invalid sloc> implicit __builtin_va_list 'struct __va_list_tag [1]'
| `-ConstantArrayType 0x7fd6fa82c8b0 'struct __va_list_tag [1]' 1 
|   `-RecordType 0x7fd6fa82c720 'struct __va_list_tag'
|     `-Record 0x7fd6fa82c698 '__va_list_tag'
`-VarDecl 0x7fd6fa82c978 <../Data/C2AST/pr80887.c:4:1, col:5> col:5 pos 'int'
