../Data/C2AST/pr83595.c:8:5: error: expected expression
  (())((int){0);         
    ^
../Data/C2AST/pr83595.c:8:15: error: expected '}'
  (())((int){0);         
              ^
../Data/C2AST/pr83595.c:8:13: note: to match this '{'
  (())((int){0);         
            ^
2 errors generated.
TranslationUnitDecl 0x7fb09782b2e8 <<invalid sloc>> <invalid sloc>
|-TypedefDecl 0x7fb09782b860 <<invalid sloc>> <invalid sloc> implicit __int128_t '__int128'
| `-BuiltinType 0x7fb09782b580 '__int128'
|-TypedefDecl 0x7fb09782b8d0 <<invalid sloc>> <invalid sloc> implicit __uint128_t 'unsigned __int128'
| `-BuiltinType 0x7fb09782b5a0 'unsigned __int128'
|-TypedefDecl 0x7fb09782bba8 <<invalid sloc>> <invalid sloc> implicit __NSConstantString 'struct __NSConstantString_tag'
| `-RecordType 0x7fb09782b9b0 'struct __NSConstantString_tag'
|   `-Record 0x7fb09782b928 '__NSConstantString_tag'
|-TypedefDecl 0x7fb09782bc40 <<invalid sloc>> <invalid sloc> implicit __builtin_ms_va_list 'char *'
| `-PointerType 0x7fb09782bc00 'char *'
|   `-BuiltinType 0x7fb09782b380 'char'
|-TypedefDecl 0x7fb09782bf08 <<invalid sloc>> <invalid sloc> implicit __builtin_va_list 'struct __va_list_tag [1]'
| `-ConstantArrayType 0x7fb09782beb0 'struct __va_list_tag [1]' 1 
|   `-RecordType 0x7fb09782bd20 'struct __va_list_tag'
|     `-Record 0x7fb09782bc98 '__va_list_tag'
`-FunctionDecl 0x7fb098014200 <../Data/C2AST/pr83595.c:5:1, line:9:1> line:6:1 foo 'void ()'
  `-CompoundStmt 0x7fb098014318 <line:7:1, line:9:1>
