../Data/C2AST/pr84721.c:5:7: error: statement expression not allowed at file scope
int a[({ int b })];              
      ^
../Data/C2AST/pr84721.c:6:7: error: statement expression not allowed at file scope
int c[({ int d () {}; })];       
      ^
2 errors generated.
TranslationUnitDecl 0x7ff02502bce8 <<invalid sloc>> <invalid sloc>
|-TypedefDecl 0x7ff02502c260 <<invalid sloc>> <invalid sloc> implicit __int128_t '__int128'
| `-BuiltinType 0x7ff02502bf80 '__int128'
|-TypedefDecl 0x7ff02502c2d0 <<invalid sloc>> <invalid sloc> implicit __uint128_t 'unsigned __int128'
| `-BuiltinType 0x7ff02502bfa0 'unsigned __int128'
|-TypedefDecl 0x7ff02502c5a8 <<invalid sloc>> <invalid sloc> implicit __NSConstantString 'struct __NSConstantString_tag'
| `-RecordType 0x7ff02502c3b0 'struct __NSConstantString_tag'
|   `-Record 0x7ff02502c328 '__NSConstantString_tag'
|-TypedefDecl 0x7ff02502c640 <<invalid sloc>> <invalid sloc> implicit __builtin_ms_va_list 'char *'
| `-PointerType 0x7ff02502c600 'char *'
|   `-BuiltinType 0x7ff02502bd80 'char'
|-TypedefDecl 0x7ff02502c908 <<invalid sloc>> <invalid sloc> implicit __builtin_va_list 'struct __va_list_tag [1]'
| `-ConstantArrayType 0x7ff02502c8b0 'struct __va_list_tag [1]' 1 
|   `-RecordType 0x7ff02502c720 'struct __va_list_tag'
|     `-Record 0x7ff02502c698 '__va_list_tag'
|-VarDecl 0x7ff02502c978 <../Data/C2AST/pr84721.c:5:1, col:5> col:5 invalid a 'int'
`-VarDecl 0x7ff025814200 <line:6:1, col:5> col:5 invalid c 'int'
