c_files/pr23547.c:6:3: error: function definition is not allowed here
  {
  ^
c_files/pr23547.c:13:29: error: function definition is not allowed here
    void bar (char c[1][i]) { }
                            ^
2 errors generated.
TranslationUnitDecl 0x7ffb098264d0 <<invalid sloc>> <invalid sloc>
|-TypedefDecl 0x7ffb09826a20 <<invalid sloc>> <invalid sloc> implicit __int128_t '__int128'
| `-BuiltinType 0x7ffb09826740 '__int128'
|-TypedefDecl 0x7ffb09826a90 <<invalid sloc>> <invalid sloc> implicit __uint128_t 'unsigned __int128'
| `-BuiltinType 0x7ffb09826760 'unsigned __int128'
|-TypedefDecl 0x7ffb09826d68 <<invalid sloc>> <invalid sloc> implicit __NSConstantString 'struct __NSConstantString_tag'
| `-RecordType 0x7ffb09826b70 'struct __NSConstantString_tag'
|   `-Record 0x7ffb09826ae8 '__NSConstantString_tag'
|-TypedefDecl 0x7ffb09826e00 <<invalid sloc>> <invalid sloc> implicit __builtin_ms_va_list 'char *'
| `-PointerType 0x7ffb09826dc0 'char *'
|   `-BuiltinType 0x7ffb09826560 'char'
|-TypedefDecl 0x7ffb098270c8 <<invalid sloc>> <invalid sloc> implicit __builtin_va_list 'struct __va_list_tag [1]'
| `-ConstantArrayType 0x7ffb09827070 'struct __va_list_tag [1]' 1 
|   `-RecordType 0x7ffb09826ee0 'struct __va_list_tag'
|     `-Record 0x7ffb09826e58 '__va_list_tag'
|-FunctionDecl 0x7ffb09827168 <c_files/pr23547.c:3:1, line:9:1> line:3:6 foo 'void ()'
| `-CompoundStmt 0x7ffb0a025a40 <line:4:1, line:9:1>
`-FunctionDecl 0x7ffb0a025b30 <line:11:1, line:14:1> line:11:6 foo1 'void (int)'
  |-ParmVarDecl 0x7ffb0a025a70 <col:11, col:15> col:15 used i 'int'
  `-CompoundStmt 0x7ffb0a025da0 <line:12:1, line:14:1>
