c_files/pr47755-2.c:26:22: error: unknown type name 'vector'
static void test_ll (vector long long, long long, long long) __attribute__((__noinline__));
                     ^
c_files/pr47755-2.c:26:29: error: expected ')'
static void test_ll (vector long long, long long, long long) __attribute__((__noinline__));
                            ^
c_files/pr47755-2.c:26:21: note: to match this '('
static void test_ll (vector long long, long long, long long) __attribute__((__noinline__));
                    ^
c_files/pr47755-2.c:29:10: error: unknown type name 'vector'
test_ll (vector long long v, long long a, long long b)
         ^
c_files/pr47755-2.c:29:17: error: expected ')'
test_ll (vector long long v, long long a, long long b)
                ^
c_files/pr47755-2.c:29:9: note: to match this '('
test_ll (vector long long v, long long a, long long b)
        ^
c_files/pr47755-2.c:29:17: error: parameter name omitted
test_ll (vector long long v, long long a, long long b)
                ^
c_files/pr47755-2.c:32:5: error: unknown type name 'vector'
    vector long long v;
    ^
c_files/pr47755-2.c:32:12: error: expected member name or ';' after declaration specifiers
    vector long long v;
    ~~~~~~ ^
c_files/pr47755-2.c:32:11: error: expected ';' at end of declaration list
    vector long long v;
          ^
          ;
c_files/pr47755-2.c:36:5: error: no member named 'v' in 'union (anonymous at c_files/pr47755-2.c:31:3)'
  u.v = v;
  ~ ^
c_files/pr47755-2.c:36:9: error: use of undeclared identifier 'v'
  u.v = v;
        ^
c_files/pr47755-2.c:37:18: error: use of undeclared identifier 'a'
  if (u.ll[0] != a && u.ll[1] != b)
                 ^
c_files/pr47755-2.c:37:34: error: use of undeclared identifier 'b'
  if (u.ll[0] != a && u.ll[1] != b)
                                 ^
c_files/pr47755-2.c:43:21: error: unknown type name 'vector'
static void test_i (vector int, int, int, int, int) __attribute__((__noinline__));
                    ^
c_files/pr47755-2.c:43:28: error: expected ')'
static void test_i (vector int, int, int, int, int) __attribute__((__noinline__));
                           ^
c_files/pr47755-2.c:43:20: note: to match this '('
static void test_i (vector int, int, int, int, int) __attribute__((__noinline__));
                   ^
c_files/pr47755-2.c:46:9: error: unknown type name 'vector'
test_i (vector int v, int a, int b, int c, int d)
        ^
c_files/pr47755-2.c:46:16: error: expected ')'
test_i (vector int v, int a, int b, int c, int d)
               ^
c_files/pr47755-2.c:46:8: note: to match this '('
test_i (vector int v, int a, int b, int c, int d)
       ^
c_files/pr47755-2.c:46:16: error: parameter name omitted
test_i (vector int v, int a, int b, int c, int d)
               ^
c_files/pr47755-2.c:49:5: error: unknown type name 'vector'
    vector int v;
    ^
c_files/pr47755-2.c:49:12: error: expected member name or ';' after declaration specifiers
    vector int v;
    ~~~~~~ ^
fatal error: too many errors emitted, stopping now [-ferror-limit=]
20 errors generated.
TranslationUnitDecl 0x7f93628264d0 <<invalid sloc>> <invalid sloc>
|-TypedefDecl 0x7f9362826a20 <<invalid sloc>> <invalid sloc> implicit __int128_t '__int128'
| `-BuiltinType 0x7f9362826740 '__int128'
|-TypedefDecl 0x7f9362826a90 <<invalid sloc>> <invalid sloc> implicit __uint128_t 'unsigned __int128'
| `-BuiltinType 0x7f9362826760 'unsigned __int128'
|-TypedefDecl 0x7f9362826d68 <<invalid sloc>> <invalid sloc> implicit __NSConstantString 'struct __NSConstantString_tag'
| `-RecordType 0x7f9362826b70 'struct __NSConstantString_tag'
|   `-Record 0x7f9362826ae8 '__NSConstantString_tag'
|-TypedefDecl 0x7f9362826e00 <<invalid sloc>> <invalid sloc> implicit __builtin_ms_va_list 'char *'
| `-PointerType 0x7f9362826dc0 'char *'
|   `-BuiltinType 0x7f9362826560 'char'
|-TypedefDecl 0x7f93628270c8 <<invalid sloc>> <invalid sloc> implicit __builtin_va_list 'struct __va_list_tag [1]'
| `-ConstantArrayType 0x7f9362827070 'struct __va_list_tag [1]' 1 
|   `-RecordType 0x7f9362826ee0 'struct __va_list_tag'
|     `-Record 0x7f9362826e58 '__va_list_tag'
|-FunctionDecl 0x7f9363026a20 <c_files/pr47755-2.c:21:13> col:13 implicit used abort 'void (void) __attribute__((noreturn))' extern
|-FunctionDecl 0x7f9363026ab8 prev 0x7f9363026a20 <col:1, col:54> col:13 used abort 'void (void) __attribute__((noreturn))' extern
|-FunctionDecl 0x7f9363026c40 <line:26:1, col:90> col:13 invalid test_ll 'void (int)' static
| |-ParmVarDecl 0x7f9363026b80 <col:22, <invalid sloc>> col:29 invalid 'int'
| `-NoInlineAttr 0x7f9363026ce0 <col:77>
|-FunctionDecl 0x7f9363026dc8 <line:28:1, line:39:1> line:29:1 invalid test_ll 'void (int)' static
| |-ParmVarDecl 0x7f9363026d40 <col:10, <invalid sloc>> col:17 invalid 'int'
| `-CompoundStmt 0x7f93630277c0 <line:30:1, line:39:1>
|   |-DeclStmt 0x7f9363027108 <line:31:3, line:34:6>
|   | |-RecordDecl 0x7f9363026e68 <line:31:3, line:34:3> line:31:3 invalid union definition
|   | | |-FieldDecl 0x7f9363026f28 <line:32:5, <invalid sloc>> col:5 invalid 'int'
|   | | `-FieldDecl 0x7f9363026ff0 <line:33:5, col:19> col:15 referenced ll 'long long [2]'
|   | `-VarDecl 0x7f9363027090 <line:31:3, line:34:5> col:5 used u 'union (anonymous union at c_files/pr47755-2.c:31:3)':'union (anonymous at c_files/pr47755-2.c:31:3)'
|   `-IfStmt 0x7f9363027788 <line:37:3, line:22:30>
|     |-<<<NULL>>>
|     |-<<<NULL>>>
|     |-OpaqueValueExpr 0x7f9363027768 <<invalid sloc>> '_Bool'
|     |-CallExpr 0x7f9363027740 <col:23, col:30> 'void'
|     | `-ImplicitCastExpr 0x7f9363027728 <col:23> 'void (*)(void) __attribute__((noreturn))' <FunctionToPointerDecay>
|     |   `-DeclRefExpr 0x7f93630276d8 <col:23> 'void (void) __attribute__((noreturn))' Function 0x7f9363026ab8 'abort' 'void (void) __attribute__((noreturn))'
|     `-<<<NULL>>>
|-FunctionDecl 0x7f9363027888 <line:43:1, col:81> col:13 invalid test_i 'void (int)' static
| |-ParmVarDecl 0x7f9363027800 <col:21, <invalid sloc>> col:28 invalid 'int'
| `-NoInlineAttr 0x7f9363027928 <col:68>
|-FunctionDecl 0x7f936302ec28 <line:45:1, line:56:1> line:46:1 invalid test_i 'void (int)' static
| |-ParmVarDecl 0x7f9363027988 <col:9, <invalid sloc>> col:16 invalid 'int'
| `-CompoundStmt 0x7f936302f398 <line:47:1, line:56:1>
|   |-DeclStmt 0x7f936302ef68 <line:48:3, line:51:6>
|   | |-RecordDecl 0x7f936302ecc8 <line:48:3, line:51:3> line:48:3 invalid union definition
|   | | |-FieldDecl 0x7f936302ed88 <line:49:5, <invalid sloc>> col:5 invalid 'int'
|   | | `-FieldDecl 0x7f936302ee50 <line:50:5, col:12> col:9 referenced i 'int [4]'
|   | `-VarDecl 0x7f936302eef0 <line:48:3, line:51:5> col:5 used u 'union (anonymous union at c_files/pr47755-2.c:48:3)':'union (anonymous at c_files/pr47755-2.c:48:3)'
|   `-IfStmt 0x7f936302f360 <line:54:3, line:23:35>
|     |-<<<NULL>>>
|     |-<<<NULL>>>
|     |-OpaqueValueExpr 0x7f936302f340 <<invalid sloc>> '_Bool'
|     |-CallExpr 0x7f936302f318 <col:28, col:35> 'void'
|     | `-ImplicitCastExpr 0x7f936302f300 <col:28> 'void (*)(void) __attribute__((noreturn))' <FunctionToPointerDecay>
|     |   `-DeclRefExpr 0x7f936302f2d8 <col:28> 'void (void) __attribute__((noreturn))' Function 0x7f9363026ab8 'abort' 'void (void) __attribute__((noreturn))'
|     `-<<<NULL>>>
|-FunctionDecl 0x7f936302f488 <line:61:1, line:135:1> line:62:1 main 'int (void)'
| `-CompoundStmt 0x7f9363034258 <line:63:1, line:135:1>
|   `-ReturnStmt 0x7f9363034240 <line:134:3, col:10>
|     `-IntegerLiteral 0x7f9363034220 <col:10> 'int' 0
`-EmptyDecl 0x7f9363034278 <line:135:2> col:2
